Build started 2011/5/25 1:13:43.
     1>Project "C:\Users\freeTheone\Documents\Visual Studio 2010\Projects\freeDone\freeReboundSnake\freeSnake\freeSnake.vcxproj" on node 2 (build target(s)).
     1>InitializeBuildStatus:
         Creating "Debug\freeSnake.unsuccessfulbuild" because "AlwaysCreate" was specified.
       ClCompile:
         D:\Visual Studio 10.0\VC\bin\CL.exe /c /ZI /nologo /W3 /WX- /Od /Oy- /D WIN32 /D _DEBUG /D _WINDOWS /D _UNICODE /D UNICODE /Gm /EHsc /RTC1 /MDd /GS /fp:precise /Zc:wchar_t /Zc:forScope /Fo"Debug\\" /Fd"Debug\vc100.pdb" /Gd /TP /analyze- /errorReport:prompt WinMain.cpp
         WinMain.cpp
     1>c:\users\freetheone\documents\visual studio 2010\projects\freedone\freereboundsnake\freesnake\winmain.cpp(168): warning C4244: 'argument' : conversion from 'double' to 'int', possible loss of data
     1>c:\users\freetheone\documents\visual studio 2010\projects\freedone\freereboundsnake\freesnake\winmain.cpp(168): warning C4244: 'argument' : conversion from 'double' to 'int', possible loss of data
     1>c:\users\freetheone\documents\visual studio 2010\projects\freedone\freereboundsnake\freesnake\winmain.cpp(168): warning C4244: 'argument' : conversion from 'double' to 'int', possible loss of data
     1>c:\users\freetheone\documents\visual studio 2010\projects\freedone\freereboundsnake\freesnake\winmain.cpp(168): warning C4244: 'argument' : conversion from 'double' to 'int', possible loss of data
     1>c:\users\freetheone\documents\visual studio 2010\projects\freedone\freereboundsnake\freesnake\winmain.cpp(181): warning C4244: '=' : conversion from 'double' to 'LONG', possible loss of data
     1>c:\users\freetheone\documents\visual studio 2010\projects\freedone\freereboundsnake\freesnake\winmain.cpp(215): warning C4244: 'argument' : conversion from 'double' to 'int', possible loss of data
     1>c:\users\freetheone\documents\visual studio 2010\projects\freedone\freereboundsnake\freesnake\winmain.cpp(215): warning C4244: 'argument' : conversion from 'double' to 'int', possible loss of data
     1>c:\users\freetheone\documents\visual studio 2010\projects\freedone\freereboundsnake\freesnake\winmain.cpp(215): warning C4244: 'argument' : conversion from 'double' to 'int', possible loss of data
     1>c:\users\freetheone\documents\visual studio 2010\projects\freedone\freereboundsnake\freesnake\winmain.cpp(215): warning C4244: 'argument' : conversion from 'double' to 'int', possible loss of data
       ResourceCompile:
         c:\Program Files (x86)\Microsoft SDKs\Windows\v7.0A\bin\rc.exe /D _UNICODE /D UNICODE /l"0x0409" /nologo /fo"Debug\freeSnake.res" freeSnake.rc 
       ManifestResourceCompile:
         All outputs are up-to-date.
       Link:
         D:\Visual Studio 10.0\VC\bin\link.exe /ERRORREPORT:PROMPT /OUT:"C:\Users\freeTheone\Documents\Visual Studio 2010\Projects\freeDone\freeReboundSnake\Debug\freeSnake.exe" /INCREMENTAL /NOLOGO kernel32.lib user32.lib gdi32.lib winspool.lib comdlg32.lib advapi32.lib shell32.lib ole32.lib oleaut32.lib uuid.lib odbc32.lib odbccp32.lib /MANIFEST /ManifestFile:"Debug\freeSnake.exe.intermediate.manifest" /MANIFESTUAC:"level='asInvoker' uiAccess='false'" /DEBUG /PDB:"C:\Users\freeTheone\Documents\Visual Studio 2010\Projects\freeDone\freeReboundSnake\Debug\freeSnake.pdb" /SUBSYSTEM:WINDOWS /TLBID:1 /DYNAMICBASE /NXCOMPAT /IMPLIB:"C:\Users\freeTheone\Documents\Visual Studio 2010\Projects\freeDone\freeReboundSnake\Debug\freeSnake.lib" /MACHINE:X86 Debug\freeSnake.res
         Debug\freeSnake.exe.embed.manifest.res
         Debug\CSnake.obj
         Debug\CTable.obj
         Debug\WinMain.obj
       Manifest:
         c:\Program Files (x86)\Microsoft SDKs\Windows\v7.0A\bin\mt.exe /nologo /verbose /out:"Debug\freeSnake.exe.embed.manifest" /manifest Debug\freeSnake.exe.intermediate.manifest
         All outputs are up-to-date.
       LinkEmbedManifest:
         All outputs are up-to-date.
         freeSnake.vcxproj -> C:\Users\freeTheone\Documents\Visual Studio 2010\Projects\freeDone\freeReboundSnake\Debug\freeSnake.exe
       FinalizeBuildStatus:
         Deleting file "Debug\freeSnake.unsuccessfulbuild".
         Touching "Debug\freeSnake.lastbuildstate".
     1>Done Building Project "C:\Users\freeTheone\Documents\Visual Studio 2010\Projects\freeDone\freeReboundSnake\freeSnake\freeSnake.vcxproj" (build target(s)).

Build succeeded.

Time Elapsed 00:00:01.22
